<?xml version="1.0" encoding="UTF-8"?>
<!-- Generated by org.testng.reporters.JUnitReportReporter -->
<testsuite hostname="LAPTOP-57SP3Q9P" failures="0" tests="1" name="testcases.CreditCard" time="0.007" errors="0" timestamp="21 Sep 2023 14:39:44 GMT" skipped="0">
  <testcase classname="testcases.CreditCard" name="test4" time="0.007"/>
</testsuite> <!-- testcases.CreditCard -->
