<?xml version="1.0" encoding="UTF-8"?>
<!-- Generated by org.testng.reporters.JUnitReportReporter -->
<testsuite hostname="LAPTOP-57SP3Q9P" failures="0" tests="1" name="testcases.CarLoan" time="0.002" errors="0" timestamp="21 Sep 2023 14:39:44 GMT" skipped="0">
  <testcase classname="testcases.CarLoan" name="test3" time="0.002"/>
</testsuite> <!-- testcases.CarLoan -->
