<?xml version="1.0" encoding="UTF-8"?>
<!-- Generated by org.testng.reporters.JUnitReportReporter -->
<testsuite skipped="0" hostname="LAPTOP-57SP3Q9P" name="testcases.CarLoan" tests="1" failures="0" timestamp="21 Sep 2023 14:43:02 GMT" time="0.000" errors="0">
  <testcase name="test3" time="0.000" classname="testcases.CarLoan"/>
</testsuite> <!-- testcases.CarLoan -->
