<?xml version="1.0" encoding="UTF-8"?>
<!-- Generated by org.testng.reporters.JUnitReportReporter -->
<testsuite skipped="0" hostname="LAPTOP-57SP3Q9P" name="testcases.HomeLoan" tests="2" failures="0" timestamp="21 Sep 2023 14:43:02 GMT" time="0.002" errors="0">
  <testcase name="test2" time="0.001" classname="testcases.HomeLoan"/>
  <testcase name="test1" time="0.001" classname="testcases.HomeLoan"/>
</testsuite> <!-- testcases.HomeLoan -->
